============================= test session starts ==============================
platform darwin -- Python 3.8.5, pytest-6.1.2, py-1.9.0, pluggy-0.13.1 -- /Users/jonwebb/venv/core_utilities/bin/python
cachedir: .pytest_cache
rootdir: /Users/jonwebb/Desktop/Code_Dev/Python/core_utilities
collecting ... collected 56 items

test_file_readers.py::test_file_not_found PASSED                         [  1%]
test_file_readers.py::test_read_double PASSED                            [  3%]
test_file_readers.py::test_read_double_list PASSED                       [  5%]
test_file_readers.py::test_read_float PASSED                             [  7%]
test_file_readers.py::test_float_list PASSED                             [  8%]
test_file_readers.py::test_read_integer PASSED                           [ 10%]
test_file_readers.py::test_read_integer_list PASSED                      [ 12%]
test_file_readers.py::test_read_sentence PASSED                          [ 14%]
test_file_readers.py::test_read_string PASSED                            [ 16%]
test_file_readers.py::test_read_string_list PASSED                       [ 17%]
test_file_readers.py::test_read_csv_by_headers PASSED                    [ 19%]
test_file_readers.py::test_read_csv_by_headers_below_start PASSED        [ 21%]
test_file_readers.py::test_read_csv_by_index PASSED                      [ 23%]
test_file_readers.py::test_read_csv_by_index_below_start PASSED          [ 25%]
test_file_readers.py::test_read_text_by_header PASSED                    [ 26%]
test_file_readers.py::test_read_text_by_header_below_start PASSED        [ 28%]
test_file_readers.py::test_read_text_by_index PASSED                     [ 30%]
test_file_readers.py::test_read_text_by_index_below_start PASSED         [ 32%]
test_file_readers.py::test_read_excel_by_header PASSED                   [ 33%]
test_file_readers.py::test_read_excel_by_header_below_start PASSED       [ 35%]
test_file_readers.py::test_read_excel_by_index PASSED                    [ 37%]
test_file_readers.py::test_read_excel_by_index_below_start PASSED        [ 39%]
test_file_readers.py::test_no_db_exists PASSED                           [ 41%]
test_file_readers.py::test_read_database_from_class PASSED               [ 42%]
test_file_readers.py::test_simple_sqlite_query PASSED                    [ 44%]
test_operating_system.py::test_change_directory PASSED                   [ 46%]
test_operating_system.py::test_copy_directory PASSED                     [ 48%]
test_operating_system.py::test_copy_file PASSED                          [ 50%]
test_operating_system.py::test_count_word_occurrence PASSED              [ 51%]
test_operating_system.py::test_create_directory PASSED                   [ 53%]
test_operating_system.py::test_create_file PASSED                        [ 55%]
test_operating_system.py::test_delete_directory PASSED                   [ 57%]
test_operating_system.py::test_delete_file PASSED                        [ 58%]
test_operating_system.py::test_remove_populated_directory PASSED         [ 60%]
test_operating_system.py::test_determine_file_size PASSED                [ 62%]
test_operating_system.py::test_determine_file_line_count PASSED          [ 64%]
test_operating_system.py::test_file_word_count PASSED                    [ 66%]
test_operating_system.py::test_current_working_directory PASSED          [ 67%]
test_operating_system.py::test_copy_files_everything PASSED              [ 69%]
test_operating_system.py::test_copy_files_files PASSED                   [ 71%]
test_operating_system.py::test_copy_files_dirs PASSED                    [ 73%]
test_operating_system.py::test_move_files_everything PASSED              [ 75%]
test_operating_system.py::test_move_files_files PASSED                   [ 76%]
test_operating_system.py::test_move_files_dirs PASSED                    [ 78%]
test_operating_system.py::test_verify_file_existence PASSED              [ 80%]
test_operating_system.py::test_file_existence_not_verified PASSED        [ 82%]
test_operating_system.py::test_verify_directory_existence PASSED         [ 83%]
test_operating_system.py::test_directory_existence_not_verified PASSED   [ 85%]
test_operating_system.py::test_move_file PASSED                          [ 87%]
test_operating_system.py::test_list_contents PASSED                      [ 89%]
test_operating_system.py::test_move_directory PASSED                     [ 91%]
test_plotting.py::test_date_plot PASSED                                  [ 92%]
test_plotting.py::test_two_d_line_plot PASSED                            [ 94%]
test_plotting.py::test_two_d_scatter_matplot PASSED                      [ 96%]
test_plotting.py::test_two_d_scatter_line_matplot PASSED                 [ 98%]
test_plotting.py::test_histogram_plot PASSED                             [100%]

============================== 56 passed in 2.47s ==============================
Sun Dec 20 15:46:50 MST 2020
